<?xml version="1.0" encoding="UTF-8"?>
<!-- Generated by org.testng.reporters.JUnitXMLReporter -->
<testsuite ignored="0" hostname="LAPTOP-J56PF5JI" failures="0" tests="4" name="ChromeTest" time="7.779" errors="0" timestamp="2022-10-09T12:21:47 IST">
  <testcase classname="com.SauceDemo.TestClasses.TestBaseClass" name="@BeforeMethod setUp" time="2.73">
    <failure type="java.io.FileNotFoundException" message=".\ScreenshotFolder\SauceDemo\LoginPage09-10 &amp;amp; 12-21.jpg (The system cannot find the path specified)">
      <![CDATA[java.io.FileNotFoundException: .\ScreenshotFolder\SauceDemo\LoginPage09-10 & 12-21.jpg (The system cannot find the path specified)
at java.base/java.io.FileOutputStream.open0(Native Method)
at java.base/java.io.FileOutputStream.open(FileOutputStream.java:293)
at java.base/java.io.FileOutputStream.<init>(FileOutputStream.java:235)
at java.base/java.io.FileOutputStream.<init>(FileOutputStream.java:184)
at org.openqa.selenium.io.FileHandler.copyFile(FileHandler.java:138)
at org.openqa.selenium.io.FileHandler.copy(FileHandler.java:117)
at com.SauceDemo.utilityClasses.ScreenshotClass.takeScreenshot(ScreenshotClass.java:27)
at com.SauceDemo.TestClasses.TestBaseClass.setUp(TestBaseClass.java:51)
at java.base/java.util.concurrent.ThreadPoolExecutor.runWorker(ThreadPoolExecutor.java:1136)
at java.base/java.util.concurrent.ThreadPoolExecutor$Worker.run(ThreadPoolExecutor.java:635)
at java.base/java.lang.Thread.run(Thread.java:833)
... Removed 14 stack frames]]>
    </failure>
  </testcase> <!-- @BeforeMethod setUp -->
  <testcase classname="com.SauceDemo.TestClasses.TestBaseClass" name="@AfterMethod logoutTest" time="-1.665298302873E9">
    <skipped/>
  </testcase> <!-- @AfterMethod logoutTest -->
  <testcase classname="com.SauceDemo.TestClasses.TestBaseClass" name="@BeforeMethod setUp" time="2.94">
    <failure type="java.io.FileNotFoundException" message=".\ScreenshotFolder\SauceDemo\LoginPage09-10 &amp;amp; 12-21.jpg (The system cannot find the path specified)">
      <![CDATA[java.io.FileNotFoundException: .\ScreenshotFolder\SauceDemo\LoginPage09-10 & 12-21.jpg (The system cannot find the path specified)
at java.base/java.io.FileOutputStream.open0(Native Method)
at java.base/java.io.FileOutputStream.open(FileOutputStream.java:293)
at java.base/java.io.FileOutputStream.<init>(FileOutputStream.java:235)
at java.base/java.io.FileOutputStream.<init>(FileOutputStream.java:184)
at org.openqa.selenium.io.FileHandler.copyFile(FileHandler.java:138)
at org.openqa.selenium.io.FileHandler.copy(FileHandler.java:117)
at com.SauceDemo.utilityClasses.ScreenshotClass.takeScreenshot(ScreenshotClass.java:27)
at com.SauceDemo.TestClasses.TestBaseClass.setUp(TestBaseClass.java:51)
at java.base/java.util.concurrent.ThreadPoolExecutor.runWorker(ThreadPoolExecutor.java:1136)
at java.base/java.util.concurrent.ThreadPoolExecutor$Worker.run(ThreadPoolExecutor.java:635)
at java.base/java.lang.Thread.run(Thread.java:833)
... Removed 14 stack frames]]>
    </failure>
  </testcase> <!-- @BeforeMethod setUp -->
  <testcase classname="com.SauceDemo.TestClasses.TestBaseClass" name="@AfterMethod logoutTest" time="-1.665298303002E9">
    <skipped/>
  </testcase> <!-- @AfterMethod logoutTest -->
  <testcase classname="com.SauceDemo.TestClasses.TestBaseClass" name="@BeforeMethod setUp" time="4.635">
    <failure type="java.io.FileNotFoundException" message=".\ScreenshotFolder\SauceDemo\LoginPage09-10 &amp;amp; 12-21.jpg (The system cannot find the path specified)">
      <![CDATA[java.io.FileNotFoundException: .\ScreenshotFolder\SauceDemo\LoginPage09-10 & 12-21.jpg (The system cannot find the path specified)
at java.base/java.io.FileOutputStream.open0(Native Method)
at java.base/java.io.FileOutputStream.open(FileOutputStream.java:293)
at java.base/java.io.FileOutputStream.<init>(FileOutputStream.java:235)
at java.base/java.io.FileOutputStream.<init>(FileOutputStream.java:184)
at org.openqa.selenium.io.FileHandler.copyFile(FileHandler.java:138)
at org.openqa.selenium.io.FileHandler.copy(FileHandler.java:117)
at com.SauceDemo.utilityClasses.ScreenshotClass.takeScreenshot(ScreenshotClass.java:27)
at com.SauceDemo.TestClasses.TestBaseClass.setUp(TestBaseClass.java:51)
at java.base/java.util.concurrent.ThreadPoolExecutor.runWorker(ThreadPoolExecutor.java:1136)
at java.base/java.util.concurrent.ThreadPoolExecutor$Worker.run(ThreadPoolExecutor.java:635)
at java.base/java.lang.Thread.run(Thread.java:833)
... Removed 14 stack frames]]>
    </failure>
  </testcase> <!-- @BeforeMethod setUp -->
  <testcase classname="com.SauceDemo.TestClasses.TestBaseClass" name="@AfterMethod logoutTest" time="-1.665298304698E9">
    <skipped/>
  </testcase> <!-- @AfterMethod logoutTest -->
  <testcase classname="com.SauceDemo.TestClasses.TestBaseClass" name="@BeforeMethod setUp" time="5.032">
    <failure type="java.io.FileNotFoundException" message=".\ScreenshotFolder\SauceDemo\LoginPage09-10 &amp;amp; 12-21.jpg (The system cannot find the path specified)">
      <![CDATA[java.io.FileNotFoundException: .\ScreenshotFolder\SauceDemo\LoginPage09-10 & 12-21.jpg (The system cannot find the path specified)
at java.base/java.io.FileOutputStream.open0(Native Method)
at java.base/java.io.FileOutputStream.open(FileOutputStream.java:293)
at java.base/java.io.FileOutputStream.<init>(FileOutputStream.java:235)
at java.base/java.io.FileOutputStream.<init>(FileOutputStream.java:184)
at org.openqa.selenium.io.FileHandler.copyFile(FileHandler.java:138)
at org.openqa.selenium.io.FileHandler.copy(FileHandler.java:117)
at com.SauceDemo.utilityClasses.ScreenshotClass.takeScreenshot(ScreenshotClass.java:27)
at com.SauceDemo.TestClasses.TestBaseClass.setUp(TestBaseClass.java:51)
at java.base/java.util.concurrent.ThreadPoolExecutor.runWorker(ThreadPoolExecutor.java:1136)
at java.base/java.util.concurrent.ThreadPoolExecutor$Worker.run(ThreadPoolExecutor.java:635)
at java.base/java.lang.Thread.run(Thread.java:833)
... Removed 14 stack frames]]>
    </failure>
  </testcase> <!-- @BeforeMethod setUp -->
  <testcase classname="com.SauceDemo.TestClasses.TestBaseClass" name="@AfterMethod logoutTest" time="-1.665298305099E9">
    <skipped/>
  </testcase> <!-- @AfterMethod logoutTest -->
  <testcase classname="com.SauceDemo.TestClasses.TestBaseClass" name="@BeforeMethod setUp" time="4.543">
    <failure type="java.io.FileNotFoundException" message=".\ScreenshotFolder\SauceDemo\LoginPage09-10 &amp;amp; 12-21.jpg (The system cannot find the path specified)">
      <![CDATA[java.io.FileNotFoundException: .\ScreenshotFolder\SauceDemo\LoginPage09-10 & 12-21.jpg (The system cannot find the path specified)
at java.base/java.io.FileOutputStream.open0(Native Method)
at java.base/java.io.FileOutputStream.open(FileOutputStream.java:293)
at java.base/java.io.FileOutputStream.<init>(FileOutputStream.java:235)
at java.base/java.io.FileOutputStream.<init>(FileOutputStream.java:184)
at org.openqa.selenium.io.FileHandler.copyFile(FileHandler.java:138)
at org.openqa.selenium.io.FileHandler.copy(FileHandler.java:117)
at com.SauceDemo.utilityClasses.ScreenshotClass.takeScreenshot(ScreenshotClass.java:27)
at com.SauceDemo.TestClasses.TestBaseClass.setUp(TestBaseClass.java:51)
at java.base/java.util.concurrent.ThreadPoolExecutor.runWorker(ThreadPoolExecutor.java:1136)
at java.base/java.util.concurrent.ThreadPoolExecutor$Worker.run(ThreadPoolExecutor.java:635)
at java.base/java.lang.Thread.run(Thread.java:833)
... Removed 14 stack frames]]>
    </failure>
  </testcase> <!-- @BeforeMethod setUp -->
  <testcase classname="com.SauceDemo.TestClasses.TestBaseClass" name="@AfterMethod logoutTest" time="-1.665298307557E9">
    <skipped/>
  </testcase> <!-- @AfterMethod logoutTest -->
  <testcase classname="com.SauceDemo.TestClasses.TestBaseClass" name="@BeforeMethod setUp" time="4.91">
    <failure type="java.io.FileNotFoundException" message=".\ScreenshotFolder\SauceDemo\LoginPage09-10 &amp;amp; 12-21.jpg (The system cannot find the path specified)">
      <![CDATA[java.io.FileNotFoundException: .\ScreenshotFolder\SauceDemo\LoginPage09-10 & 12-21.jpg (The system cannot find the path specified)
at java.base/java.io.FileOutputStream.open0(Native Method)
at java.base/java.io.FileOutputStream.open(FileOutputStream.java:293)
at java.base/java.io.FileOutputStream.<init>(FileOutputStream.java:235)
at java.base/java.io.FileOutputStream.<init>(FileOutputStream.java:184)
at org.openqa.selenium.io.FileHandler.copyFile(FileHandler.java:138)
at org.openqa.selenium.io.FileHandler.copy(FileHandler.java:117)
at com.SauceDemo.utilityClasses.ScreenshotClass.takeScreenshot(ScreenshotClass.java:27)
at com.SauceDemo.TestClasses.TestBaseClass.setUp(TestBaseClass.java:51)
at java.base/java.util.concurrent.ThreadPoolExecutor.runWorker(ThreadPoolExecutor.java:1136)
at java.base/java.util.concurrent.ThreadPoolExecutor$Worker.run(ThreadPoolExecutor.java:635)
at java.base/java.lang.Thread.run(Thread.java:833)
... Removed 14 stack frames]]>
    </failure>
  </testcase> <!-- @BeforeMethod setUp -->
  <testcase classname="com.SauceDemo.TestClasses.TestBaseClass" name="@AfterMethod logoutTest" time="-1.665298307794E9">
    <skipped/>
  </testcase> <!-- @AfterMethod logoutTest -->
  <testcase classname="com.SauceDemo.TestClasses.TC02_VerifyLogOutFunctionality" name="verifyLogoutFunctionality" time="0.0">
    <skipped/>
  </testcase> <!-- verifyLogoutFunctionality -->
  <testcase classname="com.SauceDemo.TestClasses.TC01_VerifyLoginFunctionality" name="verifyLoginFunctionality" time="0.0">
    <skipped/>
  </testcase> <!-- verifyLoginFunctionality -->
  <testcase classname="com.SauceDemo.TestClasses.TC04_VerifyAllProductFunctionality" name="verifyAllProductFunctionality" time="0.0">
    <skipped/>
  </testcase> <!-- verifyAllProductFunctionality -->
  <testcase classname="com.SauceDemo.TestClasses.TC03_BagProductAddToCartFunctionality" name="verifyBagProductFunctionality" time="0.0">
    <skipped/>
  </testcase> <!-- verifyBagProductFunctionality -->
</testsuite> <!-- ChromeTest -->
